<?xml version="1.0" encoding="UTF-8"?>
<!-- Generated by org.testng.reporters.JUnitReportReporter -->
<testsuite hostname="AIPC06" failures="0" tests="1" name="TestCases.SearchableDropDownAddSalary" time="42.002" errors="0" timestamp="2025-07-08T10:20:57 IST" skipped="0">
  <testcase classname="TestCases.SearchableDropDownAddSalary" name="checkingSearchableDropdownAddSalary" time="42.002"/>
</testsuite> <!-- TestCases.SearchableDropDownAddSalary -->
