<?xml version="1.0" encoding="UTF-8"?>
<!-- Generated by org.testng.reporters.JUnitReportReporter -->
<testsuite hostname="AIPC06" failures="0" tests="1" name="TestCases.LoginTest" time="2.825" errors="0" timestamp="2025-07-04T11:27:00 IST" skipped="0">
  <testcase classname="TestCases.LoginTest" name="loginTest" time="2.825"/>
</testsuite> <!-- TestCases.LoginTest -->
