<?xml version="1.0" encoding="UTF-8"?>
<!-- Generated by org.testng.reporters.JUnitReportReporter -->
<testsuite hostname="AIPC06" failures="0" tests="2" name="TestCases.AddSymbolUnderDescriptionArea" time="22.356" errors="0" timestamp="2025-07-04T12:26:08 IST" skipped="0">
  <testcase classname="TestCases.AddSymbolUnderDescriptionArea" name="checkingInAddInvoicePage" time="8.500"/>
  <testcase classname="TestCases.AddSymbolUnderDescriptionArea" name="checkingInEditInvoicePage" time="13.856"/>
</testsuite> <!-- TestCases.AddSymbolUnderDescriptionArea -->
