<?xml version="1.0" encoding="UTF-8"?>
<!-- Generated by org.testng.reporters.JUnitReportReporter -->
<testsuite hostname="AIPC06" failures="0" tests="1" name="TestCases.SearchableDropDownAddSalary" time="14.938" errors="0" timestamp="2025-07-04T12:26:08 IST" skipped="0">
  <testcase classname="TestCases.SearchableDropDownAddSalary" name="checkingSearchableDropdownAddSalary" time="14.938"/>
</testsuite> <!-- TestCases.SearchableDropDownAddSalary -->
