<?xml version="1.0" encoding="UTF-8"?>
<!-- Generated by org.testng.reporters.JUnitReportReporter -->
<testsuite hostname="AIPC06" failures="0" tests="1" name="TestCases.SearchableDropDownAddSalary" time="20.549" errors="0" timestamp="2025-07-04T15:06:09 IST" skipped="0">
  <testcase classname="TestCases.SearchableDropDownAddSalary" name="checkingSearchableDropdownAddSalary" time="20.549"/>
</testsuite> <!-- TestCases.SearchableDropDownAddSalary -->
