<?xml version="1.0" encoding="UTF-8"?>
<!-- Generated by org.testng.reporters.JUnitReportReporter -->
<testsuite hostname="AIPC06" failures="0" tests="2" name="TestCases.AddSymbolUnderDescriptionArea" time="37.890" errors="0" timestamp="2025-07-08T10:20:57 IST" skipped="0">
  <testcase classname="TestCases.AddSymbolUnderDescriptionArea" name="checkingInAddInvoicePage" time="22.174"/>
  <testcase classname="TestCases.AddSymbolUnderDescriptionArea" name="checkingInEditInvoicePage" time="15.716"/>
</testsuite> <!-- TestCases.AddSymbolUnderDescriptionArea -->
