<?xml version="1.0" encoding="UTF-8"?>
<!-- Generated by org.testng.reporters.JUnitReportReporter -->
<testsuite hostname="AIPC06" failures="0" tests="2" name="TestCases.AddSymbolUnderDescriptionArea" time="28.169" errors="0" timestamp="2025-07-04T15:06:09 IST" skipped="0">
  <testcase classname="TestCases.AddSymbolUnderDescriptionArea" name="checkingInAddInvoicePage" time="9.700"/>
  <testcase classname="TestCases.AddSymbolUnderDescriptionArea" name="checkingInEditInvoicePage" time="18.469"/>
</testsuite> <!-- TestCases.AddSymbolUnderDescriptionArea -->
